<?xml version="1.0" encoding="UTF-8"?>
<!-- Generated by org.testng.reporters.JUnitXMLReporter -->
<testsuite hostname="DESKTOP-BDB3LRA" name="Command line test" tests="17" failures="1" timestamp="3 Jul 2019 01:34:01 GMT" time="80.147" errors="0">
  <testcase name="testWithBlankLogin" time="0.001" classname="com.apex.samples.ECommLoginTest"/>
  <testcase name="testWithBlankPassword" time="0.001" classname="com.apex.samples.ECommLoginTest"/>
  <testcase name="testWithBothBlank" time="0.0" classname="com.apex.samples.ECommLoginTest"/>
  <testcase name="testWithInvalidLogin" time="0.0" classname="com.apex.samples.ECommLoginTest"/>
  <testcase name="testWithSuccessLogin" time="0.613" classname="com.apex.samples.ECommLoginTest"/>
  <testcase name="testWithSuccessLogin" time="0.513" classname="com.apex.samples.ECommLoginTest"/>
  <testcase name="testWithSuccessLogin" time="0.524" classname="com.apex.samples.ECommLoginTest"/>
  <testcase name="testWithSuccessLogin" time="0.53" classname="com.apex.samples.ECommLoginTest"/>
  <testcase name="testWithSuccessLogin" time="0.58" classname="com.apex.samples.ECommLoginTest"/>
  <testcase name="testWithBlankLogin" time="2.476" classname="ecomm_saipratap.LoginTest"/>
  <testcase name="testWithBlankPassword" time="2.541" classname="ecomm_saipratap.LoginTest"/>
  <testcase name="testWithBothBlank" time="2.48" classname="ecomm_saipratap.LoginTest"/>
  <testcase name="testWithInvalidLogin" time="2.564" classname="ecomm_saipratap.LoginTest"/>
  <testcase name="testWithSuccessLogin" time="2.598" classname="ecomm_saipratap.LoginTest"/>
  <testcase name="placeOrderWithSuccessData" time="2.286" classname="ecomm_saipratap.PlaceOrderTest"/>
  <testcase name="testWithPasswordAndConfirmpassword" time="0.649" classname="ecomm_saipratap.RegistrationTest"/>
  <testcase name="testWithSuccessRegistration" time="7.475" classname="ecomm_saipratap.RegistrationTest">
    <failure type="java.lang.AssertionError" message="expected [http://ecommerce.saipratap.net/thankyoumessage.php?msg=reg] but found [http://ecommerce.saipratap.net/customer.php]">
      <![CDATA[java.lang.AssertionError: expected [http://ecommerce.saipratap.net/thankyoumessage.php?msg=reg] but found [http://ecommerce.saipratap.net/customer.php]
	at ecomm_saipratap.RegistrationTest.testWithSuccessRegistration(RegistrationTest.java:40)
... Removed 40 stack frames]]>
    </failure>
  </testcase> <!-- testWithSuccessRegistration -->
</testsuite> <!-- Command line test -->
