<?xml version="1.0" encoding="UTF-8"?>
<testng-results skipped="0" failed="1" total="17" passed="16">
  <reporter-output>
  </reporter-output>
  <suite name="Command line suite" duration-ms="80147" started-at="2019-07-03T01:32:41Z" finished-at="2019-07-03T01:34:01Z">
    <groups>
    </groups>
    <test name="Command line test" duration-ms="80147" started-at="2019-07-03T01:32:41Z" finished-at="2019-07-03T01:34:01Z">
      <class name="ecomm_saipratap.LoginTest">
        <test-method status="PASS" signature="setUp()[pri:0, instance:ecomm_saipratap.LoginTest@7a5d012c]" name="setUp" is-config="true" duration-ms="2826" started-at="2019-07-02T18:33:14Z" finished-at="2019-07-02T18:33:17Z">
          <reporter-output>
          </reporter-output>
        </test-method> <!-- setUp -->
        <test-method status="PASS" signature="testWithBlankLogin()[pri:0, instance:ecomm_saipratap.LoginTest@7a5d012c]" name="testWithBlankLogin" duration-ms="2476" started-at="2019-07-02T18:33:17Z" finished-at="2019-07-02T18:33:19Z">
          <reporter-output>
          </reporter-output>
        </test-method> <!-- testWithBlankLogin -->
        <test-method status="PASS" signature="cleanUp()[pri:0, instance:ecomm_saipratap.LoginTest@7a5d012c]" name="cleanUp" is-config="true" duration-ms="111" started-at="2019-07-02T18:33:19Z" finished-at="2019-07-02T18:33:19Z">
          <reporter-output>
          </reporter-output>
        </test-method> <!-- cleanUp -->
        <test-method status="PASS" signature="setUp()[pri:0, instance:ecomm_saipratap.LoginTest@7a5d012c]" name="setUp" is-config="true" duration-ms="2824" started-at="2019-07-02T18:33:19Z" finished-at="2019-07-02T18:33:22Z">
          <reporter-output>
          </reporter-output>
        </test-method> <!-- setUp -->
        <test-method status="PASS" signature="testWithBlankPassword()[pri:0, instance:ecomm_saipratap.LoginTest@7a5d012c]" name="testWithBlankPassword" duration-ms="2541" started-at="2019-07-02T18:33:22Z" finished-at="2019-07-02T18:33:25Z">
          <reporter-output>
          </reporter-output>
        </test-method> <!-- testWithBlankPassword -->
        <test-method status="PASS" signature="cleanUp()[pri:0, instance:ecomm_saipratap.LoginTest@7a5d012c]" name="cleanUp" is-config="true" duration-ms="83" started-at="2019-07-02T18:33:25Z" finished-at="2019-07-02T18:33:25Z">
          <reporter-output>
          </reporter-output>
        </test-method> <!-- cleanUp -->
        <test-method status="PASS" signature="setUp()[pri:0, instance:ecomm_saipratap.LoginTest@7a5d012c]" name="setUp" is-config="true" duration-ms="2909" started-at="2019-07-02T18:33:25Z" finished-at="2019-07-02T18:33:28Z">
          <reporter-output>
          </reporter-output>
        </test-method> <!-- setUp -->
        <test-method status="PASS" signature="testWithBothBlank()[pri:0, instance:ecomm_saipratap.LoginTest@7a5d012c]" name="testWithBothBlank" duration-ms="2480" started-at="2019-07-02T18:33:28Z" finished-at="2019-07-02T18:33:30Z">
          <reporter-output>
          </reporter-output>
        </test-method> <!-- testWithBothBlank -->
        <test-method status="PASS" signature="cleanUp()[pri:0, instance:ecomm_saipratap.LoginTest@7a5d012c]" name="cleanUp" is-config="true" duration-ms="91" started-at="2019-07-02T18:33:30Z" finished-at="2019-07-02T18:33:30Z">
          <reporter-output>
          </reporter-output>
        </test-method> <!-- cleanUp -->
        <test-method status="PASS" signature="setUp()[pri:0, instance:ecomm_saipratap.LoginTest@7a5d012c]" name="setUp" is-config="true" duration-ms="2955" started-at="2019-07-02T18:33:30Z" finished-at="2019-07-02T18:33:33Z">
          <reporter-output>
          </reporter-output>
        </test-method> <!-- setUp -->
        <test-method status="PASS" signature="testWithInvalidLogin()[pri:0, instance:ecomm_saipratap.LoginTest@7a5d012c]" name="testWithInvalidLogin" duration-ms="2564" started-at="2019-07-02T18:33:33Z" finished-at="2019-07-02T18:33:36Z">
          <reporter-output>
          </reporter-output>
        </test-method> <!-- testWithInvalidLogin -->
        <test-method status="PASS" signature="cleanUp()[pri:0, instance:ecomm_saipratap.LoginTest@7a5d012c]" name="cleanUp" is-config="true" duration-ms="104" started-at="2019-07-02T18:33:36Z" finished-at="2019-07-02T18:33:36Z">
          <reporter-output>
          </reporter-output>
        </test-method> <!-- cleanUp -->
        <test-method status="PASS" signature="setUp()[pri:0, instance:ecomm_saipratap.LoginTest@7a5d012c]" name="setUp" is-config="true" duration-ms="3074" started-at="2019-07-02T18:33:36Z" finished-at="2019-07-02T18:33:39Z">
          <reporter-output>
          </reporter-output>
        </test-method> <!-- setUp -->
        <test-method status="PASS" signature="testWithSuccessLogin()[pri:0, instance:ecomm_saipratap.LoginTest@7a5d012c]" name="testWithSuccessLogin" duration-ms="2598" started-at="2019-07-02T18:33:39Z" finished-at="2019-07-02T18:33:42Z">
          <reporter-output>
          </reporter-output>
        </test-method> <!-- testWithSuccessLogin -->
        <test-method status="PASS" signature="cleanUp()[pri:0, instance:ecomm_saipratap.LoginTest@7a5d012c]" name="cleanUp" is-config="true" duration-ms="81" started-at="2019-07-02T18:33:42Z" finished-at="2019-07-02T18:33:42Z">
          <reporter-output>
          </reporter-output>
        </test-method> <!-- cleanUp -->
      </class> <!-- ecomm_saipratap.LoginTest -->
      <class name="ecomm_saipratap.PlaceOrderTest">
        <test-method status="PASS" signature="setUp()[pri:0, instance:ecomm_saipratap.PlaceOrderTest@3fb6a447]" name="setUp" is-config="true" duration-ms="2764" started-at="2019-07-02T18:33:42Z" finished-at="2019-07-02T18:33:44Z">
          <reporter-output>
          </reporter-output>
        </test-method> <!-- setUp -->
        <test-method status="PASS" signature="placeOrderWithSuccessData()[pri:0, instance:ecomm_saipratap.PlaceOrderTest@3fb6a447]" name="placeOrderWithSuccessData" duration-ms="2286" started-at="2019-07-02T18:33:44Z" finished-at="2019-07-02T18:33:47Z">
          <reporter-output>
          </reporter-output>
        </test-method> <!-- placeOrderWithSuccessData -->
        <test-method status="PASS" signature="cleanUp()[pri:0, instance:ecomm_saipratap.PlaceOrderTest@3fb6a447]" name="cleanUp" is-config="true" duration-ms="103" started-at="2019-07-02T18:33:47Z" finished-at="2019-07-02T18:33:47Z">
          <reporter-output>
          </reporter-output>
        </test-method> <!-- cleanUp -->
      </class> <!-- ecomm_saipratap.PlaceOrderTest -->
      <class name="com.apex.samples.ECommLoginTest">
        <test-method status="PASS" signature="setUp()[pri:0, instance:com.apex.samples.ECommLoginTest@3cda1055]" name="setUp" is-config="true" duration-ms="5851" started-at="2019-07-02T18:32:41Z" finished-at="2019-07-02T18:32:46Z">
          <reporter-output>
          </reporter-output>
        </test-method> <!-- setUp -->
        <test-method status="PASS" signature="testWithBlankLogin()[pri:0, instance:com.apex.samples.ECommLoginTest@3cda1055]" name="testWithBlankLogin" duration-ms="1" started-at="2019-07-02T18:32:46Z" finished-at="2019-07-02T18:32:46Z">
          <reporter-output>
          </reporter-output>
        </test-method> <!-- testWithBlankLogin -->
        <test-method status="PASS" signature="cleanUp()[pri:0, instance:com.apex.samples.ECommLoginTest@3cda1055]" name="cleanUp" is-config="true" duration-ms="376" started-at="2019-07-02T18:32:46Z" finished-at="2019-07-02T18:32:47Z">
          <reporter-output>
          </reporter-output>
        </test-method> <!-- cleanUp -->
        <test-method status="PASS" signature="setUp()[pri:0, instance:com.apex.samples.ECommLoginTest@3cda1055]" name="setUp" is-config="true" duration-ms="2864" started-at="2019-07-02T18:32:47Z" finished-at="2019-07-02T18:32:50Z">
          <reporter-output>
          </reporter-output>
        </test-method> <!-- setUp -->
        <test-method status="PASS" signature="testWithBlankPassword()[pri:0, instance:com.apex.samples.ECommLoginTest@3cda1055]" name="testWithBlankPassword" duration-ms="1" started-at="2019-07-02T18:32:50Z" finished-at="2019-07-02T18:32:50Z">
          <reporter-output>
          </reporter-output>
        </test-method> <!-- testWithBlankPassword -->
        <test-method status="PASS" signature="cleanUp()[pri:0, instance:com.apex.samples.ECommLoginTest@3cda1055]" name="cleanUp" is-config="true" duration-ms="183" started-at="2019-07-02T18:32:50Z" finished-at="2019-07-02T18:32:50Z">
          <reporter-output>
          </reporter-output>
        </test-method> <!-- cleanUp -->
        <test-method status="PASS" signature="setUp()[pri:0, instance:com.apex.samples.ECommLoginTest@3cda1055]" name="setUp" is-config="true" duration-ms="2970" started-at="2019-07-02T18:32:50Z" finished-at="2019-07-02T18:32:53Z">
          <reporter-output>
          </reporter-output>
        </test-method> <!-- setUp -->
        <test-method status="PASS" signature="testWithBothBlank()[pri:0, instance:com.apex.samples.ECommLoginTest@3cda1055]" name="testWithBothBlank" duration-ms="0" started-at="2019-07-02T18:32:53Z" finished-at="2019-07-02T18:32:53Z">
          <reporter-output>
          </reporter-output>
        </test-method> <!-- testWithBothBlank -->
        <test-method status="PASS" signature="cleanUp()[pri:0, instance:com.apex.samples.ECommLoginTest@3cda1055]" name="cleanUp" is-config="true" duration-ms="97" started-at="2019-07-02T18:32:53Z" finished-at="2019-07-02T18:32:53Z">
          <reporter-output>
          </reporter-output>
        </test-method> <!-- cleanUp -->
        <test-method status="PASS" signature="setUp()[pri:0, instance:com.apex.samples.ECommLoginTest@3cda1055]" name="setUp" is-config="true" duration-ms="2904" started-at="2019-07-02T18:32:53Z" finished-at="2019-07-02T18:32:56Z">
          <reporter-output>
          </reporter-output>
        </test-method> <!-- setUp -->
        <test-method status="PASS" signature="testWithInvalidLogin()[pri:0, instance:com.apex.samples.ECommLoginTest@3cda1055]" name="testWithInvalidLogin" duration-ms="0" started-at="2019-07-02T18:32:56Z" finished-at="2019-07-02T18:32:56Z">
          <reporter-output>
          </reporter-output>
        </test-method> <!-- testWithInvalidLogin -->
        <test-method status="PASS" signature="cleanUp()[pri:0, instance:com.apex.samples.ECommLoginTest@3cda1055]" name="cleanUp" is-config="true" duration-ms="195" started-at="2019-07-02T18:32:56Z" finished-at="2019-07-02T18:32:56Z">
          <reporter-output>
          </reporter-output>
        </test-method> <!-- cleanUp -->
        <test-method status="PASS" signature="setUp()[pri:0, instance:com.apex.samples.ECommLoginTest@3cda1055]" name="setUp" is-config="true" duration-ms="2883" started-at="2019-07-02T18:32:56Z" finished-at="2019-07-02T18:32:59Z">
          <reporter-output>
          </reporter-output>
        </test-method> <!-- setUp -->
        <test-method status="PASS" signature="testWithSuccessLogin(java.lang.String, java.lang.String)[pri:0, instance:com.apex.samples.ECommLoginTest@3cda1055]" name="testWithSuccessLogin" duration-ms="613" started-at="2019-07-02T18:32:59Z" data-provider="LoginSuccessIds" finished-at="2019-07-02T18:33:00Z">
          <params>
            <param index="0">
              <value>
                <![CDATA[user1234]]>
              </value>
            </param>
            <param index="1">
              <value>
                <![CDATA[pwd1]]>
              </value>
            </param>
          </params>
          <reporter-output>
          </reporter-output>
        </test-method> <!-- testWithSuccessLogin -->
        <test-method status="PASS" signature="cleanUp()[pri:0, instance:com.apex.samples.ECommLoginTest@3cda1055]" name="cleanUp" is-config="true" duration-ms="122" started-at="2019-07-02T18:33:00Z" finished-at="2019-07-02T18:33:00Z">
          <reporter-output>
          </reporter-output>
        </test-method> <!-- cleanUp -->
        <test-method status="PASS" signature="setUp()[pri:0, instance:com.apex.samples.ECommLoginTest@3cda1055]" name="setUp" is-config="true" duration-ms="2774" started-at="2019-07-02T18:33:00Z" finished-at="2019-07-02T18:33:03Z">
          <reporter-output>
          </reporter-output>
        </test-method> <!-- setUp -->
        <test-method status="PASS" signature="testWithSuccessLogin(java.lang.String, java.lang.String)[pri:0, instance:com.apex.samples.ECommLoginTest@3cda1055]" name="testWithSuccessLogin" duration-ms="513" started-at="2019-07-02T18:33:03Z" data-provider="LoginSuccessIds" finished-at="2019-07-02T18:33:03Z">
          <params>
            <param index="0">
              <value>
                <![CDATA[user2]]>
              </value>
            </param>
            <param index="1">
              <value>
                <![CDATA[pwd2]]>
              </value>
            </param>
          </params>
          <reporter-output>
          </reporter-output>
        </test-method> <!-- testWithSuccessLogin -->
        <test-method status="PASS" signature="cleanUp()[pri:0, instance:com.apex.samples.ECommLoginTest@3cda1055]" name="cleanUp" is-config="true" duration-ms="94" started-at="2019-07-02T18:33:03Z" finished-at="2019-07-02T18:33:03Z">
          <reporter-output>
          </reporter-output>
        </test-method> <!-- cleanUp -->
        <test-method status="PASS" signature="setUp()[pri:0, instance:com.apex.samples.ECommLoginTest@3cda1055]" name="setUp" is-config="true" duration-ms="2851" started-at="2019-07-02T18:33:03Z" finished-at="2019-07-02T18:33:06Z">
          <reporter-output>
          </reporter-output>
        </test-method> <!-- setUp -->
        <test-method status="PASS" signature="testWithSuccessLogin(java.lang.String, java.lang.String)[pri:0, instance:com.apex.samples.ECommLoginTest@3cda1055]" name="testWithSuccessLogin" duration-ms="524" started-at="2019-07-02T18:33:06Z" data-provider="LoginSuccessIds" finished-at="2019-07-02T18:33:07Z">
          <params>
            <param index="0">
              <value>
                <![CDATA[]]>
              </value>
            </param>
            <param index="1">
              <value>
                <![CDATA[]]>
              </value>
            </param>
          </params>
          <reporter-output>
          </reporter-output>
        </test-method> <!-- testWithSuccessLogin -->
        <test-method status="PASS" signature="cleanUp()[pri:0, instance:com.apex.samples.ECommLoginTest@3cda1055]" name="cleanUp" is-config="true" duration-ms="128" started-at="2019-07-02T18:33:07Z" finished-at="2019-07-02T18:33:07Z">
          <reporter-output>
          </reporter-output>
        </test-method> <!-- cleanUp -->
        <test-method status="PASS" signature="setUp()[pri:0, instance:com.apex.samples.ECommLoginTest@3cda1055]" name="setUp" is-config="true" duration-ms="2841" started-at="2019-07-02T18:33:07Z" finished-at="2019-07-02T18:33:10Z">
          <reporter-output>
          </reporter-output>
        </test-method> <!-- setUp -->
        <test-method status="PASS" signature="testWithSuccessLogin(java.lang.String, java.lang.String)[pri:0, instance:com.apex.samples.ECommLoginTest@3cda1055]" name="testWithSuccessLogin" duration-ms="530" started-at="2019-07-02T18:33:10Z" data-provider="LoginSuccessIds" finished-at="2019-07-02T18:33:10Z">
          <params>
            <param index="0">
              <value>
                <![CDATA[]]>
              </value>
            </param>
            <param index="1">
              <value>
                <![CDATA[pwd4]]>
              </value>
            </param>
          </params>
          <reporter-output>
          </reporter-output>
        </test-method> <!-- testWithSuccessLogin -->
        <test-method status="PASS" signature="cleanUp()[pri:0, instance:com.apex.samples.ECommLoginTest@3cda1055]" name="cleanUp" is-config="true" duration-ms="115" started-at="2019-07-02T18:33:10Z" finished-at="2019-07-02T18:33:10Z">
          <reporter-output>
          </reporter-output>
        </test-method> <!-- cleanUp -->
        <test-method status="PASS" signature="setUp()[pri:0, instance:com.apex.samples.ECommLoginTest@3cda1055]" name="setUp" is-config="true" duration-ms="2938" started-at="2019-07-02T18:33:10Z" finished-at="2019-07-02T18:33:13Z">
          <reporter-output>
          </reporter-output>
        </test-method> <!-- setUp -->
        <test-method status="PASS" signature="testWithSuccessLogin(java.lang.String, java.lang.String)[pri:0, instance:com.apex.samples.ECommLoginTest@3cda1055]" name="testWithSuccessLogin" duration-ms="580" started-at="2019-07-02T18:33:13Z" data-provider="LoginSuccessIds" finished-at="2019-07-02T18:33:14Z">
          <params>
            <param index="0">
              <value>
                <![CDATA[user5]]>
              </value>
            </param>
            <param index="1">
              <value>
                <![CDATA[]]>
              </value>
            </param>
          </params>
          <reporter-output>
          </reporter-output>
        </test-method> <!-- testWithSuccessLogin -->
        <test-method status="PASS" signature="cleanUp()[pri:0, instance:com.apex.samples.ECommLoginTest@3cda1055]" name="cleanUp" is-config="true" duration-ms="117" started-at="2019-07-02T18:33:14Z" finished-at="2019-07-02T18:33:14Z">
          <reporter-output>
          </reporter-output>
        </test-method> <!-- cleanUp -->
      </class> <!-- com.apex.samples.ECommLoginTest -->
      <class name="ecomm_saipratap.RegistrationTest">
        <test-method status="PASS" signature="setUp()[pri:0, instance:ecomm_saipratap.RegistrationTest@79b4d0f]" name="setUp" is-config="true" duration-ms="2791" started-at="2019-07-02T18:33:47Z" finished-at="2019-07-02T18:33:50Z">
          <reporter-output>
          </reporter-output>
        </test-method> <!-- setUp -->
        <test-method status="PASS" signature="testWithPasswordAndConfirmpassword()[pri:0, instance:ecomm_saipratap.RegistrationTest@79b4d0f]" name="testWithPasswordAndConfirmpassword" duration-ms="649" started-at="2019-07-02T18:33:50Z" finished-at="2019-07-02T18:33:50Z">
          <reporter-output>
          </reporter-output>
        </test-method> <!-- testWithPasswordAndConfirmpassword -->
        <test-method status="PASS" signature="cleanUp()[pri:0, instance:ecomm_saipratap.RegistrationTest@79b4d0f]" name="cleanUp" is-config="true" duration-ms="75" started-at="2019-07-02T18:33:50Z" finished-at="2019-07-02T18:33:50Z">
          <reporter-output>
          </reporter-output>
        </test-method> <!-- cleanUp -->
        <test-method status="PASS" signature="setUp()[pri:0, instance:ecomm_saipratap.RegistrationTest@79b4d0f]" name="setUp" is-config="true" duration-ms="2884" started-at="2019-07-02T18:33:50Z" finished-at="2019-07-02T18:33:53Z">
          <reporter-output>
          </reporter-output>
        </test-method> <!-- setUp -->
        <test-method status="FAIL" signature="testWithSuccessRegistration()[pri:0, instance:ecomm_saipratap.RegistrationTest@79b4d0f]" name="testWithSuccessRegistration" duration-ms="7475" started-at="2019-07-02T18:33:53Z" finished-at="2019-07-02T18:34:01Z">
          <exception class="java.lang.AssertionError">
            <message>
              <![CDATA[expected [http://ecommerce.saipratap.net/thankyoumessage.php?msg=reg] but found [http://ecommerce.saipratap.net/customer.php]]]>
            </message>
            <full-stacktrace>
              <![CDATA[java.lang.AssertionError: expected [http://ecommerce.saipratap.net/thankyoumessage.php?msg=reg] but found [http://ecommerce.saipratap.net/customer.php]
	at org.testng.Assert.fail(Assert.java:94)
	at org.testng.Assert.failNotEquals(Assert.java:513)
	at org.testng.Assert.assertEqualsImpl(Assert.java:135)
	at org.testng.Assert.assertEquals(Assert.java:116)
	at org.testng.Assert.assertEquals(Assert.java:190)
	at org.testng.Assert.assertEquals(Assert.java:200)
	at ecomm_saipratap.RegistrationTest.testWithSuccessRegistration(RegistrationTest.java:40)
	at sun.reflect.NativeMethodAccessorImpl.invoke0(Native Method)
	at sun.reflect.NativeMethodAccessorImpl.invoke(Unknown Source)
	at sun.reflect.DelegatingMethodAccessorImpl.invoke(Unknown Source)
	at java.lang.reflect.Method.invoke(Unknown Source)
	at org.testng.internal.MethodInvocationHelper.invokeMethod(MethodInvocationHelper.java:86)
	at org.testng.internal.Invoker.invokeMethod(Invoker.java:643)
	at org.testng.internal.Invoker.invokeTestMethod(Invoker.java:820)
	at org.testng.internal.Invoker.invokeTestMethods(Invoker.java:1128)
	at org.testng.internal.TestMethodWorker.invokeTestMethods(TestMethodWorker.java:129)
	at org.testng.internal.TestMethodWorker.run(TestMethodWorker.java:112)
	at org.testng.TestRunner.privateRun(TestRunner.java:782)
	at org.testng.TestRunner.run(TestRunner.java:632)
	at org.testng.SuiteRunner.runTest(SuiteRunner.java:366)
	at org.testng.SuiteRunner.runSequentially(SuiteRunner.java:361)
	at org.testng.SuiteRunner.privateRun(SuiteRunner.java:319)
	at org.testng.SuiteRunner.run(SuiteRunner.java:268)
	at org.testng.SuiteRunnerWorker.runSuite(SuiteRunnerWorker.java:52)
	at org.testng.SuiteRunnerWorker.run(SuiteRunnerWorker.java:86)
	at org.testng.TestNG.runSuitesSequentially(TestNG.java:1244)
	at org.testng.TestNG.runSuitesLocally(TestNG.java:1169)
	at org.testng.TestNG.run(TestNG.java:1064)
	at org.apache.maven.surefire.testng.TestNGExecutor.run(TestNGExecutor.java:77)
	at org.apache.maven.surefire.testng.TestNGDirectoryTestSuite.executeMulti(TestNGDirectoryTestSuite.java:159)
	at org.apache.maven.surefire.testng.TestNGDirectoryTestSuite.execute(TestNGDirectoryTestSuite.java:99)
	at org.apache.maven.surefire.testng.TestNGProvider.invoke(TestNGProvider.java:106)
	at sun.reflect.NativeMethodAccessorImpl.invoke0(Native Method)
	at sun.reflect.NativeMethodAccessorImpl.invoke(Unknown Source)
	at sun.reflect.DelegatingMethodAccessorImpl.invoke(Unknown Source)
	at java.lang.reflect.Method.invoke(Unknown Source)
	at org.apache.maven.surefire.util.ReflectionUtils.invokeMethodWithArray(ReflectionUtils.java:189)
	at org.apache.maven.surefire.booter.ProviderFactory$ProviderProxy.invoke(ProviderFactory.java:165)
	at org.apache.maven.surefire.booter.ProviderFactory.invokeProvider(ProviderFactory.java:85)
	at org.apache.maven.surefire.booter.ForkedBooter.runSuitesInProcess(ForkedBooter.java:115)
	at org.apache.maven.surefire.booter.ForkedBooter.main(ForkedBooter.java:75)
]]>
            </full-stacktrace>
          </exception> <!-- java.lang.AssertionError -->
          <reporter-output>
          </reporter-output>
        </test-method> <!-- testWithSuccessRegistration -->
        <test-method status="PASS" signature="cleanUp()[pri:0, instance:ecomm_saipratap.RegistrationTest@79b4d0f]" name="cleanUp" is-config="true" duration-ms="84" started-at="2019-07-02T18:34:01Z" finished-at="2019-07-02T18:34:01Z">
          <reporter-output>
          </reporter-output>
        </test-method> <!-- cleanUp -->
      </class> <!-- ecomm_saipratap.RegistrationTest -->
    </test> <!-- Command line test -->
  </suite> <!-- Command line suite -->
</testng-results>
