<?xml version="1.0" encoding="UTF-8" ?>
<testsuite tests="17" failures="1" name="TestSuite" time="25.841" errors="0" skipped="0">
  <properties>
[...]
</properties>
  <testcase classname="com.apex.samples.ECommLoginTest" name="testWithBlankLogin" time="0.005"/>
  <testcase classname="com.apex.samples.ECommLoginTest" name="testWithBlankPassword" time="0"/>
  <testcase classname="com.apex.samples.ECommLoginTest" name="testWithBothBlank" time="0"/>
  <testcase classname="com.apex.samples.ECommLoginTest" name="testWithInvalidLogin" time="0.001"/>
  <testcase classname="com.apex.samples.ECommLoginTest" name="testWithSuccessLogin" time="0.613"/>
  <testcase classname="com.apex.samples.ECommLoginTest" name="testWithSuccessLogin" time="0.514"/>
  <testcase classname="com.apex.samples.ECommLoginTest" name="testWithSuccessLogin" time="0.525"/>
  <testcase classname="com.apex.samples.ECommLoginTest" name="testWithSuccessLogin" time="0.529"/>
  <testcase classname="com.apex.samples.ECommLoginTest" name="testWithSuccessLogin" time="0.581"/>
  <testcase classname="ecomm_saipratap.LoginTest" name="testWithBlankLogin" time="2.477"/>
  <testcase classname="ecomm_saipratap.LoginTest" name="testWithBlankPassword" time="2.541"/>
  <testcase classname="ecomm_saipratap.LoginTest" name="testWithBothBlank" time="2.478"/>
  <testcase classname="ecomm_saipratap.LoginTest" name="testWithInvalidLogin" time="2.565"/>
  <testcase classname="ecomm_saipratap.LoginTest" name="testWithSuccessLogin" time="2.599"/>
  <testcase classname="ecomm_saipratap.PlaceOrderTest" name="placeOrderWithSuccessData" time="2.286"/>
  <testcase classname="ecomm_saipratap.RegistrationTest" name="testWithPasswordAndConfirmpassword" time="0.65"/>
  <testcase classname="ecomm_saipratap.RegistrationTest" name="testWithSuccessRegistration" time="7.477">
    <failure message="expected [http://ecommerce.saipratap.net/thankyoumessage.php?msg=reg] but found [http://ecommerce.saipratap.net/customer.php]" type="java.lang.AssertionError">java.lang.AssertionError: expected [http://ecommerce.saipratap.net/thankyoumessage.php?msg=reg] but found [http://ecommerce.saipratap.net/customer.php]
	at org.testng.Assert.fail(Assert.java:94)
	at org.testng.Assert.failNotEquals(Assert.java:513)
	at org.testng.Assert.assertEqualsImpl(Assert.java:135)
	at org.testng.Assert.assertEquals(Assert.java:116)
	at org.testng.Assert.assertEquals(Assert.java:190)
	at org.testng.Assert.assertEquals(Assert.java:200)
	at ecomm_saipratap.RegistrationTest.testWithSuccessRegistration(RegistrationTest.java:40)
</failure>
    <system-err>Starting ChromeDriver 75.0.3770.90 (a6dcaf7e3ec6f70a194cc25e8149475c6590e025-refs/branch-heads/3770@{#1003}) on port 38809
Only local connections are allowed.
Please protect ports used by ChromeDriver and related test frameworks to prevent access by malicious code.
Jul 02, 2019 6:33:53 PM org.openqa.selenium.remote.ProtocolHandshake createSession
INFO: Detected dialect: W3C
</system-err>
  </testcase>
</testsuite>